<?xml version="1.0" encoding="UTF-8"?>
<!-- Generated by org.testng.reporters.JUnitReportReporter -->
<testsuite skipped="0" hostname="INMAAWN53000190" name="com.amazon.tests.LaptopPageTests" tests="1" failures="0" timestamp="26 Nov 2019 15:23:15 GMT" time="181.934" errors="0">
  <testcase name="TC01" time="181.934" classname="com.amazon.tests.LaptopPageTests"/>
</testsuite> <!-- com.amazon.tests.LaptopPageTests -->
